Determining if the pthread_create exist failed with the following output:
Change Dir: /home/loken/ClionProjects/rabbitmq_connect_pool/build/CMakeFiles/CMakeTmp

Run Build Command:/usr/bin/make "cmTryCompileExec1502994575/fast"
/usr/bin/make -f CMakeFiles/cmTryCompileExec1502994575.dir/build.make CMakeFiles/cmTryCompileExec1502994575.dir/build
make[1]: Entering directory `/home/loken/ClionProjects/rabbitmq_connect_pool/build/CMakeFiles/CMakeTmp'
/usr/bin/cmake -E cmake_progress_report /home/loken/ClionProjects/rabbitmq_connect_pool/build/CMakeFiles/CMakeTmp/CMakeFiles 1
/usr/bin/cmake: /usr/local/lib/libcurl.so.4: no version information available (required by /usr/bin/cmake)
Building C object CMakeFiles/cmTryCompileExec1502994575.dir/CheckSymbolExists.c.o
/usr/bin/cc    -o CMakeFiles/cmTryCompileExec1502994575.dir/CheckSymbolExists.c.o   -c /home/loken/ClionProjects/rabbitmq_connect_pool/build/CMakeFiles/CMakeTmp/CheckSymbolExists.c
Linking C executable cmTryCompileExec1502994575
/usr/bin/cmake -E cmake_link_script CMakeFiles/cmTryCompileExec1502994575.dir/link.txt --verbose=1
/usr/bin/cmake: /usr/local/lib/libcurl.so.4: no version information available (required by /usr/bin/cmake)
/usr/bin/cc       CMakeFiles/cmTryCompileExec1502994575.dir/CheckSymbolExists.c.o  -o cmTryCompileExec1502994575 -rdynamic 
CMakeFiles/cmTryCompileExec1502994575.dir/CheckSymbolExists.c.o: In function `main':
CheckSymbolExists.c:(.text+0x16): undefined reference to `pthread_create'
collect2: error: ld returned 1 exit status
make[1]: Leaving directory `/home/loken/ClionProjects/rabbitmq_connect_pool/build/CMakeFiles/CMakeTmp'
make[1]: *** [cmTryCompileExec1502994575] Error 1
make: *** [cmTryCompileExec1502994575/fast] Error 2

File /home/loken/ClionProjects/rabbitmq_connect_pool/build/CMakeFiles/CMakeTmp/CheckSymbolExists.c:
/* */
#include <pthread.h>

int main(int argc, char** argv)
{
  (void)argv;
#ifndef pthread_create
  return ((int*)(&pthread_create))[argc];
#else
  (void)argc;
  return 0;
#endif
}

Determining if the function pthread_create exists in the pthreads failed with the following output:
Change Dir: /home/loken/ClionProjects/rabbitmq_connect_pool/build/CMakeFiles/CMakeTmp

Run Build Command:/usr/bin/make "cmTryCompileExec2752336937/fast"
/usr/bin/make -f CMakeFiles/cmTryCompileExec2752336937.dir/build.make CMakeFiles/cmTryCompileExec2752336937.dir/build
make[1]: Entering directory `/home/loken/ClionProjects/rabbitmq_connect_pool/build/CMakeFiles/CMakeTmp'
/usr/bin/cmake -E cmake_progress_report /home/loken/ClionProjects/rabbitmq_connect_pool/build/CMakeFiles/CMakeTmp/CMakeFiles 1
/usr/bin/cmake: /usr/local/lib/libcurl.so.4: no version information available (required by /usr/bin/cmake)
Building C object CMakeFiles/cmTryCompileExec2752336937.dir/CheckFunctionExists.c.o
/usr/bin/cc   -DCHECK_FUNCTION_EXISTS=pthread_create   -o CMakeFiles/cmTryCompileExec2752336937.dir/CheckFunctionExists.c.o   -c /usr/share/cmake-2.8/Modules/CheckFunctionExists.c
Linking C executable cmTryCompileExec2752336937
/usr/bin/cmake -E cmake_link_script CMakeFiles/cmTryCompileExec2752336937.dir/link.txt --verbose=1
/usr/bin/cmake: /usr/local/lib/libcurl.so.4: no version information available (required by /usr/bin/cmake)
/usr/bin/cc   -DCHECK_FUNCTION_EXISTS=pthread_create    CMakeFiles/cmTryCompileExec2752336937.dir/CheckFunctionExists.c.o  -o cmTryCompileExec2752336937 -rdynamic -lpthreads 
/usr/bin/ld: cannot find -lpthreads
collect2: error: ld returned 1 exit status
make[1]: *** [cmTryCompileExec2752336937] Error 1
make[1]: Leaving directory `/home/loken/ClionProjects/rabbitmq_connect_pool/build/CMakeFiles/CMakeTmp'
make: *** [cmTryCompileExec2752336937/fast] Error 2


